<?xml version="1.0" encoding="UTF-8"?>
<!-- Generated by org.testng.reporters.JUnitReportReporter -->
<testsuite hostname="HELL" failures="0" tests="2" name="automation.testing.selenium.parallel.tests.TestCases" time="20.593" errors="0" timestamp="2024-02-20T23:16:58 IST" skipped="0">
  <testcase classname="automation.testing.selenium.parallel.tests.TestCases" name="launchTwitter" time="11.106"/>
  <testcase classname="automation.testing.selenium.parallel.tests.TestCases" name="launchFacebook" time="9.487"/>
</testsuite> <!-- automation.testing.selenium.parallel.tests.TestCases -->
