<?xml version="1.0" encoding="UTF-8"?>
<!-- Generated by org.testng.reporters.JUnitReportReporter -->
<testsuite hostname="HELL" failures="0" tests="2" name="automation.testing.selenium.parallel.tests.TestCases" time="24.332" errors="0" timestamp="2024-02-20T23:49:48 IST" skipped="0">
  <testcase classname="automation.testing.selenium.parallel.tests.TestCases" name="launchTwitter" time="12.915"/>
  <testcase classname="automation.testing.selenium.parallel.tests.TestCases" name="launchFacebook" time="11.417"/>
</testsuite> <!-- automation.testing.selenium.parallel.tests.TestCases -->
